[Thu Dec 19 12:21:06.372333 2024] [ssl:warn] [pid 11976:tid 420] AH01909: www.example.com:443:0 server certificate does NOT include an ID which matches the server name
[Thu Dec 19 12:21:06.436435 2024] [ssl:warn] [pid 11976:tid 420] AH01909: www.example.com:443:0 server certificate does NOT include an ID which matches the server name
[Thu Dec 19 12:21:06.500283 2024] [mpm_winnt:notice] [pid 11976:tid 420] AH00455: Apache/2.4.58 (Win64) OpenSSL/3.1.3 PHP/8.2.12 configured -- resuming normal operations
[Thu Dec 19 12:21:06.500283 2024] [mpm_winnt:notice] [pid 11976:tid 420] AH00456: Apache Lounge VS17 Server built: Oct 18 2023 13:03:18
[Thu Dec 19 12:21:06.500283 2024] [core:notice] [pid 11976:tid 420] AH00094: Command line: 'c:\\programavimas testavimas\\programavimas\\bla\\apache\\bin\\httpd.exe -d C:/Programavimas Testavimas/Programavimas/bla/apache'
[Thu Dec 19 12:21:06.504283 2024] [mpm_winnt:notice] [pid 11976:tid 420] AH00418: Parent: Created child process 22836
[Thu Dec 19 12:21:07.146938 2024] [ssl:warn] [pid 22836:tid 404] AH01909: www.example.com:443:0 server certificate does NOT include an ID which matches the server name
[Thu Dec 19 12:21:07.215431 2024] [ssl:warn] [pid 22836:tid 404] AH01909: www.example.com:443:0 server certificate does NOT include an ID which matches the server name
[Thu Dec 19 12:21:07.268942 2024] [mpm_winnt:notice] [pid 22836:tid 404] AH00354: Child: Starting 150 worker threads.
[Thu Dec 19 12:24:36.999050 2024] [ssl:warn] [pid 16596:tid 372] AH01909: www.example.com:443:0 server certificate does NOT include an ID which matches the server name
[Thu Dec 19 12:24:37.033595 2024] [core:warn] [pid 16596:tid 372] AH00098: pid file C:/Programavimas Testavimas/Programavimas/bla/apache/logs/httpd.pid overwritten -- Unclean shutdown of previous Apache run?
[Thu Dec 19 12:24:37.036720 2024] [ssl:warn] [pid 16596:tid 372] AH01909: www.example.com:443:0 server certificate does NOT include an ID which matches the server name
[Thu Dec 19 12:24:37.070292 2024] [mpm_winnt:notice] [pid 16596:tid 372] AH00455: Apache/2.4.58 (Win64) OpenSSL/3.1.3 PHP/8.2.12 configured -- resuming normal operations
[Thu Dec 19 12:24:37.070292 2024] [mpm_winnt:notice] [pid 16596:tid 372] AH00456: Apache Lounge VS17 Server built: Oct 18 2023 13:03:18
[Thu Dec 19 12:24:37.070292 2024] [core:notice] [pid 16596:tid 372] AH00094: Command line: 'c:\\programavimas testavimas\\programavimas\\bla\\apache\\bin\\httpd.exe -d C:/Programavimas Testavimas/Programavimas/bla/apache'
[Thu Dec 19 12:24:37.155999 2024] [mpm_winnt:notice] [pid 16596:tid 372] AH00418: Parent: Created child process 19880
[Thu Dec 19 12:24:37.470001 2024] [ssl:warn] [pid 19880:tid 368] AH01909: www.example.com:443:0 server certificate does NOT include an ID which matches the server name
[Thu Dec 19 12:24:37.507255 2024] [ssl:warn] [pid 19880:tid 368] AH01909: www.example.com:443:0 server certificate does NOT include an ID which matches the server name
[Thu Dec 19 12:24:37.544645 2024] [mpm_winnt:notice] [pid 19880:tid 368] AH00354: Child: Starting 150 worker threads.
[Mon Dec 23 11:45:01.632823 2024] [ssl:warn] [pid 24644:tid 372] AH01909: www.example.com:443:0 server certificate does NOT include an ID which matches the server name
[Mon Dec 23 11:45:01.688518 2024] [core:warn] [pid 24644:tid 372] AH00098: pid file C:/Programavimas Testavimas/Programavimas/bla/apache/logs/httpd.pid overwritten -- Unclean shutdown of previous Apache run?
[Mon Dec 23 11:45:01.692574 2024] [ssl:warn] [pid 24644:tid 372] AH01909: www.example.com:443:0 server certificate does NOT include an ID which matches the server name
[Mon Dec 23 11:45:01.809694 2024] [mpm_winnt:notice] [pid 24644:tid 372] AH00455: Apache/2.4.58 (Win64) OpenSSL/3.1.3 PHP/8.2.12 configured -- resuming normal operations
[Mon Dec 23 11:45:01.809694 2024] [mpm_winnt:notice] [pid 24644:tid 372] AH00456: Apache Lounge VS17 Server built: Oct 18 2023 13:03:18
[Mon Dec 23 11:45:01.809694 2024] [core:notice] [pid 24644:tid 372] AH00094: Command line: 'c:\\programavimas testavimas\\programavimas\\bla\\apache\\bin\\httpd.exe -d C:/Programavimas Testavimas/Programavimas/bla/apache'
[Mon Dec 23 11:45:01.901717 2024] [mpm_winnt:notice] [pid 24644:tid 372] AH00418: Parent: Created child process 23584
[Mon Dec 23 11:45:02.385882 2024] [ssl:warn] [pid 23584:tid 368] AH01909: www.example.com:443:0 server certificate does NOT include an ID which matches the server name
[Mon Dec 23 11:45:02.433770 2024] [ssl:warn] [pid 23584:tid 368] AH01909: www.example.com:443:0 server certificate does NOT include an ID which matches the server name
[Mon Dec 23 11:45:02.483393 2024] [mpm_winnt:notice] [pid 23584:tid 368] AH00354: Child: Starting 150 worker threads.
[Mon Dec 23 11:46:26.042641 2024] [mpm_winnt:crit] [pid 23584:tid 368] AH02538: Child: Parent process exited abruptly. Child process is ending
[Mon Dec 23 11:46:31.294337 2024] [ssl:warn] [pid 9084:tid 404] AH01909: www.example.com:443:0 server certificate does NOT include an ID which matches the server name
[Mon Dec 23 11:46:31.346472 2024] [core:warn] [pid 9084:tid 404] AH00098: pid file C:/Programavimas Testavimas/Programavimas/bla/apache/logs/httpd.pid overwritten -- Unclean shutdown of previous Apache run?
[Mon Dec 23 11:46:31.349701 2024] [ssl:warn] [pid 9084:tid 404] AH01909: www.example.com:443:0 server certificate does NOT include an ID which matches the server name
[Mon Dec 23 11:46:31.394115 2024] [mpm_winnt:notice] [pid 9084:tid 404] AH00455: Apache/2.4.58 (Win64) OpenSSL/3.1.3 PHP/8.2.12 configured -- resuming normal operations
[Mon Dec 23 11:46:31.394115 2024] [mpm_winnt:notice] [pid 9084:tid 404] AH00456: Apache Lounge VS17 Server built: Oct 18 2023 13:03:18
[Mon Dec 23 11:46:31.394115 2024] [core:notice] [pid 9084:tid 404] AH00094: Command line: 'c:\\programavimas testavimas\\programavimas\\bla\\apache\\bin\\httpd.exe -d C:/Programavimas Testavimas/Programavimas/bla/apache'
[Mon Dec 23 11:46:31.497996 2024] [mpm_winnt:notice] [pid 9084:tid 404] AH00418: Parent: Created child process 6748
[Mon Dec 23 11:46:31.867246 2024] [ssl:warn] [pid 6748:tid 368] AH01909: www.example.com:443:0 server certificate does NOT include an ID which matches the server name
[Mon Dec 23 11:46:31.918393 2024] [ssl:warn] [pid 6748:tid 368] AH01909: www.example.com:443:0 server certificate does NOT include an ID which matches the server name
[Mon Dec 23 11:46:31.966147 2024] [mpm_winnt:notice] [pid 6748:tid 368] AH00354: Child: Starting 150 worker threads.
[Tue Dec 31 11:22:43.053022 2024] [ssl:warn] [pid 22232:tid 372] AH01909: www.example.com:443:0 server certificate does NOT include an ID which matches the server name
[Tue Dec 31 11:22:43.113590 2024] [core:warn] [pid 22232:tid 372] AH00098: pid file C:/Programavimas Testavimas/Programavimas/bla/apache/logs/httpd.pid overwritten -- Unclean shutdown of previous Apache run?
[Tue Dec 31 11:22:43.118133 2024] [ssl:warn] [pid 22232:tid 372] AH01909: www.example.com:443:0 server certificate does NOT include an ID which matches the server name
[Tue Dec 31 11:22:43.185456 2024] [mpm_winnt:notice] [pid 22232:tid 372] AH00455: Apache/2.4.58 (Win64) OpenSSL/3.1.3 PHP/8.2.12 configured -- resuming normal operations
[Tue Dec 31 11:22:43.185456 2024] [mpm_winnt:notice] [pid 22232:tid 372] AH00456: Apache Lounge VS17 Server built: Oct 18 2023 13:03:18
[Tue Dec 31 11:22:43.185456 2024] [core:notice] [pid 22232:tid 372] AH00094: Command line: 'c:\\programavimas testavimas\\programavimas\\bla\\apache\\bin\\httpd.exe -d C:/Programavimas Testavimas/Programavimas/bla/apache'
[Tue Dec 31 11:22:43.336068 2024] [mpm_winnt:notice] [pid 22232:tid 372] AH00418: Parent: Created child process 22520
[Tue Dec 31 11:22:43.727086 2024] [ssl:warn] [pid 22520:tid 372] AH01909: www.example.com:443:0 server certificate does NOT include an ID which matches the server name
[Tue Dec 31 11:22:43.774901 2024] [ssl:warn] [pid 22520:tid 372] AH01909: www.example.com:443:0 server certificate does NOT include an ID which matches the server name
[Tue Dec 31 11:22:43.826657 2024] [mpm_winnt:notice] [pid 22520:tid 372] AH00354: Child: Starting 150 worker threads.
