2024-12-19 12:21:12 0 [Note] Starting MariaDB 10.4.32-MariaDB source revision c4143f909528e3fab0677a28631d10389354c491 as process 12820
2024-12-19 12:21:12 0 [Note] InnoDB: Mutexes and rw_locks use Windows interlocked functions
2024-12-19 12:21:12 0 [Note] InnoDB: Uses event mutexes
2024-12-19 12:21:12 0 [Note] InnoDB: Compressed tables use zlib 1.3
2024-12-19 12:21:12 0 [Note] InnoDB: Number of pools: 1
2024-12-19 12:21:12 0 [Note] InnoDB: Using SSE2 crc32 instructions
2024-12-19 12:21:12 0 [Note] InnoDB: Initializing buffer pool, total size = 16M, instances = 1, chunk size = 16M
2024-12-19 12:21:12 0 [Note] InnoDB: Completed initialization of buffer pool
2024-12-19 12:21:12 0 [Note] InnoDB: Starting crash recovery from checkpoint LSN=300288
2024-12-19 12:21:12 0 [Note] InnoDB: 128 out of 128 rollback segments are active.
2024-12-19 12:21:12 0 [Note] InnoDB: Removed temporary tablespace data file: "ibtmp1"
2024-12-19 12:21:12 0 [Note] InnoDB: Creating shared tablespace for temporary tables
2024-12-19 12:21:12 0 [Note] InnoDB: Setting file 'C:\Programavimas Testavimas\Programavimas\bla\mysql\data\ibtmp1' size to 12 MB. Physically writing the file full; Please wait ...
2024-12-19 12:21:12 0 [Note] InnoDB: File 'C:\Programavimas Testavimas\Programavimas\bla\mysql\data\ibtmp1' size is now 12 MB.
2024-12-19 12:21:12 0 [Note] InnoDB: Waiting for purge to start
2024-12-19 12:21:12 0 [Note] InnoDB: 10.4.32 started; log sequence number 300297; transaction id 170
2024-12-19 12:21:12 0 [Note] InnoDB: Loading buffer pool(s) from C:\Programavimas Testavimas\Programavimas\bla\mysql\data\ib_buffer_pool
2024-12-19 12:21:12 0 [Note] Plugin 'FEEDBACK' is disabled.
2024-12-19 12:21:12 0 [Note] InnoDB: Buffer pool(s) load completed at 241219 12:21:12
2024-12-19 12:21:12 0 [Note] Server socket created on IP: '::'.
2024-12-19 12:21:12 0 [ERROR] Can't start server: Bind on TCP/IP port. Got error: 10048: Only one usage of each socket address (protocol/network address/port) is normally permitted.

2024-12-19 12:21:12 0 [ERROR] Do you already have another mysqld server running on port: 3306 ?
2024-12-19 12:21:12 0 [ERROR] Aborting
2024-12-19 12:21:18 0 [Note] Starting MariaDB 10.4.32-MariaDB source revision c4143f909528e3fab0677a28631d10389354c491 as process 3012
2024-12-19 12:21:18 0 [Note] InnoDB: Mutexes and rw_locks use Windows interlocked functions
2024-12-19 12:21:18 0 [Note] InnoDB: Uses event mutexes
2024-12-19 12:21:18 0 [Note] InnoDB: Compressed tables use zlib 1.3
2024-12-19 12:21:18 0 [Note] InnoDB: Number of pools: 1
2024-12-19 12:21:18 0 [Note] InnoDB: Using SSE2 crc32 instructions
2024-12-19 12:21:18 0 [Note] InnoDB: Initializing buffer pool, total size = 16M, instances = 1, chunk size = 16M
2024-12-19 12:21:18 0 [Note] InnoDB: Completed initialization of buffer pool
2024-12-19 12:21:18 0 [Note] InnoDB: 128 out of 128 rollback segments are active.
2024-12-19 12:21:18 0 [Note] InnoDB: Creating shared tablespace for temporary tables
2024-12-19 12:21:18 0 [Note] InnoDB: Setting file 'C:\Programavimas Testavimas\Programavimas\bla\mysql\data\ibtmp1' size to 12 MB. Physically writing the file full; Please wait ...
2024-12-19 12:21:18 0 [Note] InnoDB: File 'C:\Programavimas Testavimas\Programavimas\bla\mysql\data\ibtmp1' size is now 12 MB.
2024-12-19 12:21:18 0 [Note] InnoDB: Waiting for purge to start
2024-12-19 12:21:18 0 [Note] InnoDB: 10.4.32 started; log sequence number 300306; transaction id 170
2024-12-19 12:21:18 0 [Note] InnoDB: Loading buffer pool(s) from C:\Programavimas Testavimas\Programavimas\bla\mysql\data\ib_buffer_pool
2024-12-19 12:21:18 0 [Note] Plugin 'FEEDBACK' is disabled.
2024-12-19 12:21:18 0 [Note] Server socket created on IP: '::'.
2024-12-19 12:21:18 0 [Note] InnoDB: Buffer pool(s) load completed at 241219 12:21:18
2024-12-19 12:21:18 0 [ERROR] Can't start server: Bind on TCP/IP port. Got error: 10048: Only one usage of each socket address (protocol/network address/port) is normally permitted.

2024-12-19 12:21:18 0 [ERROR] Do you already have another mysqld server running on port: 3306 ?
2024-12-19 12:21:18 0 [ERROR] Aborting
2024-12-19 12:21:24 0 [Note] Starting MariaDB 10.4.32-MariaDB source revision c4143f909528e3fab0677a28631d10389354c491 as process 580
2024-12-19 12:21:24 0 [Note] InnoDB: Mutexes and rw_locks use Windows interlocked functions
2024-12-19 12:21:24 0 [Note] InnoDB: Uses event mutexes
2024-12-19 12:21:24 0 [Note] InnoDB: Compressed tables use zlib 1.3
2024-12-19 12:21:24 0 [Note] InnoDB: Number of pools: 1
2024-12-19 12:21:24 0 [Note] InnoDB: Using SSE2 crc32 instructions
2024-12-19 12:21:24 0 [Note] InnoDB: Initializing buffer pool, total size = 16M, instances = 1, chunk size = 16M
2024-12-19 12:21:24 0 [Note] InnoDB: Completed initialization of buffer pool
2024-12-19 12:21:24 0 [Note] InnoDB: 128 out of 128 rollback segments are active.
2024-12-19 12:21:24 0 [Note] InnoDB: Creating shared tablespace for temporary tables
2024-12-19 12:21:24 0 [Note] InnoDB: Setting file 'C:\Programavimas Testavimas\Programavimas\bla\mysql\data\ibtmp1' size to 12 MB. Physically writing the file full; Please wait ...
2024-12-19 12:21:24 0 [Note] InnoDB: File 'C:\Programavimas Testavimas\Programavimas\bla\mysql\data\ibtmp1' size is now 12 MB.
2024-12-19 12:21:24 0 [Note] InnoDB: Waiting for purge to start
2024-12-19 12:21:24 0 [Note] InnoDB: 10.4.32 started; log sequence number 300315; transaction id 170
2024-12-19 12:21:24 0 [Note] InnoDB: Loading buffer pool(s) from C:\Programavimas Testavimas\Programavimas\bla\mysql\data\ib_buffer_pool
2024-12-19 12:21:24 0 [Note] Plugin 'FEEDBACK' is disabled.
2024-12-19 12:21:24 0 [Note] Server socket created on IP: '::'.
2024-12-19 12:21:24 0 [ERROR] Can't start server: Bind on TCP/IP port. Got error: 10048: Only one usage of each socket address (protocol/network address/port) is normally permitted.

2024-12-19 12:21:24 0 [Note] InnoDB: Buffer pool(s) load completed at 241219 12:21:24
2024-12-19 12:21:24 0 [ERROR] Do you already have another mysqld server running on port: 3306 ?
2024-12-19 12:21:24 0 [ERROR] Aborting
2024-12-19 12:21:32 0 [Note] Starting MariaDB 10.4.32-MariaDB source revision c4143f909528e3fab0677a28631d10389354c491 as process 22252
2024-12-19 12:21:32 0 [Note] InnoDB: Mutexes and rw_locks use Windows interlocked functions
2024-12-19 12:21:32 0 [Note] InnoDB: Uses event mutexes
2024-12-19 12:21:32 0 [Note] InnoDB: Compressed tables use zlib 1.3
2024-12-19 12:21:32 0 [Note] InnoDB: Number of pools: 1
2024-12-19 12:21:32 0 [Note] InnoDB: Using SSE2 crc32 instructions
2024-12-19 12:21:32 0 [Note] InnoDB: Initializing buffer pool, total size = 16M, instances = 1, chunk size = 16M
2024-12-19 12:21:32 0 [Note] InnoDB: Completed initialization of buffer pool
2024-12-19 12:21:32 0 [Note] InnoDB: 128 out of 128 rollback segments are active.
2024-12-19 12:21:32 0 [Note] InnoDB: Creating shared tablespace for temporary tables
2024-12-19 12:21:32 0 [Note] InnoDB: Setting file 'C:\Programavimas Testavimas\Programavimas\bla\mysql\data\ibtmp1' size to 12 MB. Physically writing the file full; Please wait ...
2024-12-19 12:21:32 0 [Note] InnoDB: File 'C:\Programavimas Testavimas\Programavimas\bla\mysql\data\ibtmp1' size is now 12 MB.
2024-12-19 12:21:32 0 [Note] InnoDB: Waiting for purge to start
2024-12-19 12:21:32 0 [Note] InnoDB: 10.4.32 started; log sequence number 300324; transaction id 170
2024-12-19 12:21:32 0 [Note] InnoDB: Loading buffer pool(s) from C:\Programavimas Testavimas\Programavimas\bla\mysql\data\ib_buffer_pool
2024-12-19 12:21:32 0 [Note] Plugin 'FEEDBACK' is disabled.
2024-12-19 12:21:32 0 [Note] Server socket created on IP: '::'.
2024-12-19 12:21:32 0 [Note] InnoDB: Buffer pool(s) load completed at 241219 12:21:32
2024-12-19 12:21:32 0 [ERROR] Can't start server: Bind on TCP/IP port. Got error: 10048: Only one usage of each socket address (protocol/network address/port) is normally permitted.

2024-12-19 12:21:32 0 [ERROR] Do you already have another mysqld server running on port: 3306 ?
2024-12-19 12:21:32 0 [ERROR] Aborting
2024-12-19 12:22:04 0 [Note] Starting MariaDB 10.4.32-MariaDB source revision c4143f909528e3fab0677a28631d10389354c491 as process 14148
2024-12-19 12:22:04 0 [Note] InnoDB: Mutexes and rw_locks use Windows interlocked functions
2024-12-19 12:22:04 0 [Note] InnoDB: Uses event mutexes
2024-12-19 12:22:04 0 [Note] InnoDB: Compressed tables use zlib 1.3
2024-12-19 12:22:04 0 [Note] InnoDB: Number of pools: 1
2024-12-19 12:22:04 0 [Note] InnoDB: Using SSE2 crc32 instructions
2024-12-19 12:22:04 0 [Note] InnoDB: Initializing buffer pool, total size = 16M, instances = 1, chunk size = 16M
2024-12-19 12:22:04 0 [Note] InnoDB: Completed initialization of buffer pool
2024-12-19 12:22:04 0 [Note] InnoDB: 128 out of 128 rollback segments are active.
2024-12-19 12:22:04 0 [Note] InnoDB: Creating shared tablespace for temporary tables
2024-12-19 12:22:04 0 [Note] InnoDB: Setting file 'C:\Programavimas Testavimas\Programavimas\bla\mysql\data\ibtmp1' size to 12 MB. Physically writing the file full; Please wait ...
2024-12-19 12:22:04 0 [Note] InnoDB: File 'C:\Programavimas Testavimas\Programavimas\bla\mysql\data\ibtmp1' size is now 12 MB.
2024-12-19 12:22:04 0 [Note] InnoDB: Waiting for purge to start
2024-12-19 12:22:04 0 [Note] InnoDB: 10.4.32 started; log sequence number 300333; transaction id 170
2024-12-19 12:22:04 0 [Note] Plugin 'FEEDBACK' is disabled.
2024-12-19 12:22:04 0 [Note] InnoDB: Loading buffer pool(s) from C:\Programavimas Testavimas\Programavimas\bla\mysql\data\ib_buffer_pool
2024-12-19 12:22:04 0 [Note] Server socket created on IP: '::'.
2024-12-19 12:22:04 0 [ERROR] Can't start server: Bind on TCP/IP port. Got error: 10048: Only one usage of each socket address (protocol/network address/port) is normally permitted.

2024-12-19 12:22:04 0 [Note] InnoDB: Buffer pool(s) load completed at 241219 12:22:04
2024-12-19 12:22:04 0 [ERROR] Do you already have another mysqld server running on port: 3306 ?
2024-12-19 12:22:04 0 [ERROR] Aborting
2024-12-19 12:22:06 0 [Note] Starting MariaDB 10.4.32-MariaDB source revision c4143f909528e3fab0677a28631d10389354c491 as process 20880
2024-12-19 12:22:06 0 [Note] InnoDB: Mutexes and rw_locks use Windows interlocked functions
2024-12-19 12:22:06 0 [Note] InnoDB: Uses event mutexes
2024-12-19 12:22:06 0 [Note] InnoDB: Compressed tables use zlib 1.3
2024-12-19 12:22:06 0 [Note] InnoDB: Number of pools: 1
2024-12-19 12:22:06 0 [Note] InnoDB: Using SSE2 crc32 instructions
2024-12-19 12:22:06 0 [Note] InnoDB: Initializing buffer pool, total size = 16M, instances = 1, chunk size = 16M
2024-12-19 12:22:06 0 [Note] InnoDB: Completed initialization of buffer pool
2024-12-19 12:22:07 0 [Note] InnoDB: 128 out of 128 rollback segments are active.
2024-12-19 12:22:07 0 [Note] InnoDB: Creating shared tablespace for temporary tables
2024-12-19 12:22:07 0 [Note] InnoDB: Setting file 'C:\Programavimas Testavimas\Programavimas\bla\mysql\data\ibtmp1' size to 12 MB. Physically writing the file full; Please wait ...
2024-12-19 12:22:07 0 [Note] InnoDB: File 'C:\Programavimas Testavimas\Programavimas\bla\mysql\data\ibtmp1' size is now 12 MB.
2024-12-19 12:22:07 0 [Note] InnoDB: Waiting for purge to start
2024-12-19 12:22:07 0 [Note] InnoDB: 10.4.32 started; log sequence number 300342; transaction id 170
2024-12-19 12:22:07 0 [Note] InnoDB: Loading buffer pool(s) from C:\Programavimas Testavimas\Programavimas\bla\mysql\data\ib_buffer_pool
2024-12-19 12:22:07 0 [Note] Plugin 'FEEDBACK' is disabled.
2024-12-19 12:22:07 0 [Note] Server socket created on IP: '::'.
2024-12-19 12:22:07 0 [Note] InnoDB: Buffer pool(s) load completed at 241219 12:22:07
2024-12-19 12:22:07 0 [ERROR] Can't start server: Bind on TCP/IP port. Got error: 10048: Only one usage of each socket address (protocol/network address/port) is normally permitted.

2024-12-19 12:22:07 0 [ERROR] Do you already have another mysqld server running on port: 3306 ?
2024-12-19 12:22:07 0 [ERROR] Aborting
2024-12-19 12:22:08 0 [Note] Starting MariaDB 10.4.32-MariaDB source revision c4143f909528e3fab0677a28631d10389354c491 as process 15088
2024-12-19 12:22:08 0 [Note] InnoDB: Mutexes and rw_locks use Windows interlocked functions
2024-12-19 12:22:08 0 [Note] InnoDB: Uses event mutexes
2024-12-19 12:22:08 0 [Note] InnoDB: Compressed tables use zlib 1.3
2024-12-19 12:22:08 0 [Note] InnoDB: Number of pools: 1
2024-12-19 12:22:08 0 [Note] InnoDB: Using SSE2 crc32 instructions
2024-12-19 12:22:08 0 [Note] InnoDB: Initializing buffer pool, total size = 16M, instances = 1, chunk size = 16M
2024-12-19 12:22:08 0 [Note] InnoDB: Completed initialization of buffer pool
2024-12-19 12:22:08 0 [Note] InnoDB: 128 out of 128 rollback segments are active.
2024-12-19 12:22:08 0 [Note] InnoDB: Removed temporary tablespace data file: "ibtmp1"
2024-12-19 12:22:08 0 [Note] InnoDB: Creating shared tablespace for temporary tables
2024-12-19 12:22:08 0 [Note] InnoDB: Setting file 'C:\Programavimas Testavimas\Programavimas\bla\mysql\data\ibtmp1' size to 12 MB. Physically writing the file full; Please wait ...
2024-12-19 12:22:08 0 [Note] InnoDB: File 'C:\Programavimas Testavimas\Programavimas\bla\mysql\data\ibtmp1' size is now 12 MB.
2024-12-19 12:22:08 0 [Note] InnoDB: Waiting for purge to start
2024-12-19 12:22:08 0 [Note] InnoDB: 10.4.32 started; log sequence number 300342; transaction id 170
2024-12-19 12:22:08 0 [Note] InnoDB: Loading buffer pool(s) from C:\Programavimas Testavimas\Programavimas\bla\mysql\data\ib_buffer_pool
2024-12-19 12:22:08 0 [Note] Plugin 'FEEDBACK' is disabled.
2024-12-19 12:22:08 0 [Note] Server socket created on IP: '::'.
2024-12-19 12:22:08 0 [ERROR] Can't start server: Bind on TCP/IP port. Got error: 10048: Only one usage of each socket address (protocol/network address/port) is normally permitted.

2024-12-19 12:22:08 0 [Note] InnoDB: Buffer pool(s) load completed at 241219 12:22:08
2024-12-19 12:22:08 0 [ERROR] Do you already have another mysqld server running on port: 3306 ?
2024-12-19 12:22:08 0 [ERROR] Aborting
2024-12-19 12:22:11 0 [Note] Starting MariaDB 10.4.32-MariaDB source revision c4143f909528e3fab0677a28631d10389354c491 as process 4236
2024-12-19 12:22:11 0 [Note] InnoDB: Mutexes and rw_locks use Windows interlocked functions
2024-12-19 12:22:11 0 [Note] InnoDB: Uses event mutexes
2024-12-19 12:22:11 0 [Note] InnoDB: Compressed tables use zlib 1.3
2024-12-19 12:22:11 0 [Note] InnoDB: Number of pools: 1
2024-12-19 12:22:11 0 [Note] InnoDB: Using SSE2 crc32 instructions
2024-12-19 12:22:11 0 [Note] InnoDB: Initializing buffer pool, total size = 16M, instances = 1, chunk size = 16M
2024-12-19 12:22:11 0 [Note] InnoDB: Completed initialization of buffer pool
2024-12-19 12:22:11 0 [Note] InnoDB: 128 out of 128 rollback segments are active.
2024-12-19 12:22:11 0 [Note] InnoDB: Creating shared tablespace for temporary tables
2024-12-19 12:22:11 0 [Note] InnoDB: Setting file 'C:\Programavimas Testavimas\Programavimas\bla\mysql\data\ibtmp1' size to 12 MB. Physically writing the file full; Please wait ...
2024-12-19 12:22:11 0 [Note] InnoDB: File 'C:\Programavimas Testavimas\Programavimas\bla\mysql\data\ibtmp1' size is now 12 MB.
2024-12-19 12:22:11 0 [Note] InnoDB: Waiting for purge to start
2024-12-19 12:22:12 0 [Note] InnoDB: 10.4.32 started; log sequence number 300351; transaction id 170
2024-12-19 12:22:12 0 [Note] InnoDB: Loading buffer pool(s) from C:\Programavimas Testavimas\Programavimas\bla\mysql\data\ib_buffer_pool
2024-12-19 12:22:12 0 [Note] Plugin 'FEEDBACK' is disabled.
2024-12-19 12:22:12 0 [Note] Server socket created on IP: '::'.
2024-12-19 12:22:12 0 [ERROR] Can't start server: Bind on TCP/IP port. Got error: 10048: Only one usage of each socket address (protocol/network address/port) is normally permitted.

2024-12-19 12:22:12 0 [Note] InnoDB: Buffer pool(s) load completed at 241219 12:22:12
2024-12-19 12:22:12 0 [ERROR] Do you already have another mysqld server running on port: 3306 ?
2024-12-19 12:22:12 0 [ERROR] Aborting
2024-12-19 12:22:50 0 [Note] Starting MariaDB 10.4.32-MariaDB source revision c4143f909528e3fab0677a28631d10389354c491 as process 11292
2024-12-19 12:22:50 0 [Note] InnoDB: Mutexes and rw_locks use Windows interlocked functions
2024-12-19 12:22:50 0 [Note] InnoDB: Uses event mutexes
2024-12-19 12:22:50 0 [Note] InnoDB: Compressed tables use zlib 1.3
2024-12-19 12:22:50 0 [Note] InnoDB: Number of pools: 1
2024-12-19 12:22:50 0 [Note] InnoDB: Using SSE2 crc32 instructions
2024-12-19 12:22:50 0 [Note] InnoDB: Initializing buffer pool, total size = 16M, instances = 1, chunk size = 16M
2024-12-19 12:22:50 0 [Note] InnoDB: Completed initialization of buffer pool
2024-12-19 12:22:50 0 [Note] InnoDB: 128 out of 128 rollback segments are active.
2024-12-19 12:22:50 0 [Note] InnoDB: Creating shared tablespace for temporary tables
2024-12-19 12:22:50 0 [Note] InnoDB: Setting file 'C:\Programavimas Testavimas\Programavimas\bla\mysql\data\ibtmp1' size to 12 MB. Physically writing the file full; Please wait ...
2024-12-19 12:22:50 0 [Note] InnoDB: File 'C:\Programavimas Testavimas\Programavimas\bla\mysql\data\ibtmp1' size is now 12 MB.
2024-12-19 12:22:50 0 [Note] InnoDB: Waiting for purge to start
2024-12-19 12:22:50 0 [Note] InnoDB: 10.4.32 started; log sequence number 300360; transaction id 170
2024-12-19 12:22:50 0 [Note] InnoDB: Loading buffer pool(s) from C:\Programavimas Testavimas\Programavimas\bla\mysql\data\ib_buffer_pool
2024-12-19 12:22:50 0 [Note] Plugin 'FEEDBACK' is disabled.
2024-12-19 12:22:50 0 [Note] Server socket created on IP: '::'.
2024-12-19 12:22:50 0 [Note] InnoDB: Buffer pool(s) load completed at 241219 12:22:50
2024-12-19 12:22:50 0 [ERROR] Can't start server: Bind on TCP/IP port. Got error: 10048: Only one usage of each socket address (protocol/network address/port) is normally permitted.

2024-12-19 12:22:50 0 [ERROR] Do you already have another mysqld server running on port: 3306 ?
2024-12-19 12:22:50 0 [ERROR] Aborting
2024-12-19 12:24:30 0 [Note] Starting MariaDB 10.4.32-MariaDB source revision c4143f909528e3fab0677a28631d10389354c491 as process 11252
2024-12-19 12:24:30 0 [Note] InnoDB: Mutexes and rw_locks use Windows interlocked functions
2024-12-19 12:24:30 0 [Note] InnoDB: Uses event mutexes
2024-12-19 12:24:30 0 [Note] InnoDB: Compressed tables use zlib 1.3
2024-12-19 12:24:30 0 [Note] InnoDB: Number of pools: 1
2024-12-19 12:24:30 0 [Note] InnoDB: Using SSE2 crc32 instructions
2024-12-19 12:24:30 0 [Note] InnoDB: Initializing buffer pool, total size = 16M, instances = 1, chunk size = 16M
2024-12-19 12:24:30 0 [Note] InnoDB: Completed initialization of buffer pool
2024-12-19 12:24:30 0 [Note] InnoDB: 128 out of 128 rollback segments are active.
2024-12-19 12:24:30 0 [Note] InnoDB: Creating shared tablespace for temporary tables
2024-12-19 12:24:30 0 [Note] InnoDB: Setting file 'C:\Programavimas Testavimas\Programavimas\bla\mysql\data\ibtmp1' size to 12 MB. Physically writing the file full; Please wait ...
2024-12-19 12:24:30 0 [Note] InnoDB: File 'C:\Programavimas Testavimas\Programavimas\bla\mysql\data\ibtmp1' size is now 12 MB.
2024-12-19 12:24:30 0 [Note] InnoDB: Waiting for purge to start
2024-12-19 12:24:30 0 [Note] InnoDB: 10.4.32 started; log sequence number 300369; transaction id 170
2024-12-19 12:24:30 0 [Note] InnoDB: Loading buffer pool(s) from C:\Programavimas Testavimas\Programavimas\bla\mysql\data\ib_buffer_pool
2024-12-19 12:24:30 0 [Note] Plugin 'FEEDBACK' is disabled.
2024-12-19 12:24:30 0 [Note] Server socket created on IP: '::'.
2024-12-23 11:45:03 0 [Note] Starting MariaDB 10.4.32-MariaDB source revision c4143f909528e3fab0677a28631d10389354c491 as process 25280
2024-12-23 11:45:03 0 [Note] InnoDB: Mutexes and rw_locks use Windows interlocked functions
2024-12-23 11:45:03 0 [Note] InnoDB: Uses event mutexes
2024-12-23 11:45:03 0 [Note] InnoDB: Compressed tables use zlib 1.3
2024-12-23 11:45:03 0 [Note] InnoDB: Number of pools: 1
2024-12-23 11:45:03 0 [Note] InnoDB: Using SSE2 crc32 instructions
2024-12-23 11:45:03 0 [Note] InnoDB: Initializing buffer pool, total size = 16M, instances = 1, chunk size = 16M
2024-12-23 11:45:03 0 [Note] InnoDB: Completed initialization of buffer pool
2024-12-23 11:45:03 0 [Note] InnoDB: Starting crash recovery from checkpoint LSN=321529
2024-12-23 11:45:03 0 [Note] InnoDB: 128 out of 128 rollback segments are active.
2024-12-23 11:45:03 0 [Note] InnoDB: Removed temporary tablespace data file: "ibtmp1"
2024-12-23 11:45:03 0 [Note] InnoDB: Creating shared tablespace for temporary tables
2024-12-23 11:45:03 0 [Note] InnoDB: Setting file 'C:\Programavimas Testavimas\Programavimas\bla\mysql\data\ibtmp1' size to 12 MB. Physically writing the file full; Please wait ...
2024-12-23 11:45:03 0 [Note] InnoDB: File 'C:\Programavimas Testavimas\Programavimas\bla\mysql\data\ibtmp1' size is now 12 MB.
2024-12-23 11:45:03 0 [Note] InnoDB: Waiting for purge to start
2024-12-23 11:45:03 0 [Note] InnoDB: 10.4.32 started; log sequence number 321554; transaction id 255
2024-12-23 11:45:03 0 [Note] Plugin 'FEEDBACK' is disabled.
2024-12-23 11:45:03 0 [Note] InnoDB: Loading buffer pool(s) from C:\Programavimas Testavimas\Programavimas\bla\mysql\data\ib_buffer_pool
2024-12-23 11:45:03 0 [Note] Server socket created on IP: '::'.
2024-12-23 11:46:29 0 [Note] Starting MariaDB 10.4.32-MariaDB source revision c4143f909528e3fab0677a28631d10389354c491 as process 4428
2024-12-23 11:46:29 0 [Note] InnoDB: Mutexes and rw_locks use Windows interlocked functions
2024-12-23 11:46:29 0 [Note] InnoDB: Uses event mutexes
2024-12-23 11:46:29 0 [Note] InnoDB: Compressed tables use zlib 1.3
2024-12-23 11:46:29 0 [Note] InnoDB: Number of pools: 1
2024-12-23 11:46:29 0 [Note] InnoDB: Using SSE2 crc32 instructions
2024-12-23 11:46:29 0 [Note] InnoDB: Initializing buffer pool, total size = 16M, instances = 1, chunk size = 16M
2024-12-23 11:46:29 0 [Note] InnoDB: Completed initialization of buffer pool
2024-12-23 11:46:29 0 [Note] InnoDB: Starting crash recovery from checkpoint LSN=321563
2024-12-23 11:46:29 0 [Note] InnoDB: 128 out of 128 rollback segments are active.
2024-12-23 11:46:29 0 [Note] InnoDB: Removed temporary tablespace data file: "ibtmp1"
2024-12-23 11:46:29 0 [Note] InnoDB: Creating shared tablespace for temporary tables
2024-12-23 11:46:29 0 [Note] InnoDB: Setting file 'C:\Programavimas Testavimas\Programavimas\bla\mysql\data\ibtmp1' size to 12 MB. Physically writing the file full; Please wait ...
2024-12-23 11:46:29 0 [Note] InnoDB: File 'C:\Programavimas Testavimas\Programavimas\bla\mysql\data\ibtmp1' size is now 12 MB.
2024-12-23 11:46:29 0 [Note] InnoDB: Waiting for purge to start
2024-12-23 11:46:29 0 [Note] InnoDB: 10.4.32 started; log sequence number 321572; transaction id 255
2024-12-23 11:46:29 0 [Note] InnoDB: Loading buffer pool(s) from C:\Programavimas Testavimas\Programavimas\bla\mysql\data\ib_buffer_pool
2024-12-23 11:46:29 0 [Note] Plugin 'FEEDBACK' is disabled.
2024-12-23 11:46:29 0 [Note] Server socket created on IP: '::'.
2024-12-31 11:22:44 0 [Note] Starting MariaDB 10.4.32-MariaDB source revision c4143f909528e3fab0677a28631d10389354c491 as process 5548
2024-12-31 11:22:44 0 [Note] InnoDB: Mutexes and rw_locks use Windows interlocked functions
2024-12-31 11:22:44 0 [Note] InnoDB: Uses event mutexes
2024-12-31 11:22:44 0 [Note] InnoDB: Compressed tables use zlib 1.3
2024-12-31 11:22:44 0 [Note] InnoDB: Number of pools: 1
2024-12-31 11:22:44 0 [Note] InnoDB: Using SSE2 crc32 instructions
2024-12-31 11:22:44 0 [Note] InnoDB: Initializing buffer pool, total size = 16M, instances = 1, chunk size = 16M
2024-12-31 11:22:44 0 [Note] InnoDB: Completed initialization of buffer pool
2024-12-31 11:22:44 0 [Note] InnoDB: Starting crash recovery from checkpoint LSN=323051
2024-12-31 11:22:44 0 [Note] InnoDB: 128 out of 128 rollback segments are active.
2024-12-31 11:22:44 0 [Note] InnoDB: Removed temporary tablespace data file: "ibtmp1"
2024-12-31 11:22:44 0 [Note] InnoDB: Creating shared tablespace for temporary tables
2024-12-31 11:22:44 0 [Note] InnoDB: Setting file 'C:\Programavimas Testavimas\Programavimas\bla\mysql\data\ibtmp1' size to 12 MB. Physically writing the file full; Please wait ...
2024-12-31 11:22:44 0 [Note] InnoDB: File 'C:\Programavimas Testavimas\Programavimas\bla\mysql\data\ibtmp1' size is now 12 MB.
2024-12-31 11:22:44 0 [Note] InnoDB: Waiting for purge to start
2024-12-31 11:22:44 0 [Note] InnoDB: 10.4.32 started; log sequence number 323060; transaction id 261
2024-12-31 11:22:44 0 [Note] InnoDB: Loading buffer pool(s) from C:\Programavimas Testavimas\Programavimas\bla\mysql\data\ib_buffer_pool
2024-12-31 11:22:44 0 [Note] Plugin 'FEEDBACK' is disabled.
2024-12-31 11:22:44 0 [ERROR] InnoDB: Space id and page no stored in the page, read in are [page id: space=1, page number=3], should be [page id: space=4, page number=3]
2024-12-31 11:22:44 0 [Note] Server socket created on IP: '::'.
